<?xml version="1.0" encoding="UTF-8"?>
<!-- Generated by org.testng.reporters.JUnitXMLReporter -->
<testsuite hostname="ANNA-PC" name="Test" tests="1" failures="0" timestamp="21 Aug 2015 16:35:37 GMT" time="13.277" errors="0">
  <testcase name="@BeforeMethod launchBrowser" time="0.0" classname="WebdriverPro.web.tests.ParameterTestNG">
    <failure type="org.openqa.selenium.UnsupportedCommandException" message="Build info: version: &amp;apos;2.46.0&amp;apos;, revision: &amp;apos;61506a4624b13675f24581e453592342b7485d71&amp;apos;, time: &amp;apos;2015-06-04 10:22:50&amp;apos;
System info: host: &amp;apos;ANNA-PC&amp;apos;, ip: &amp;apos;172.16.5.90&amp;apos;, os.name: &amp;apos;Windows 8&amp;apos;, os.arch: &amp;apos;amd64&amp;apos;, os.version: &amp;apos;6.2&amp;apos;, java.version: &amp;apos;1.7.0_79&amp;apos;
Session ID: 65a38c9f4c8d4f4398e3e7a6f844aa24
Driver info: org.openqa.selenium.remote.RemoteWebDriver
Capabilities [{platform=XP, javascriptEnabled=true, cssSelectorsEnabled=true, hasMetadata=true, handlesAlerts=true, browserName=firefox, nativeEvents=false, webdriver.remote.sessionid=65a38c9f4c8d4f4398e3e7a6f844aa24, takesScreenshot=true, version=11.0}]">
      <![CDATA[org.openqa.selenium.UnsupportedCommandException: Build info: version: '2.46.0', revision: '61506a4624b13675f24581e453592342b7485d71', time: '2015-06-04 10:22:50'
System info: host: 'ANNA-PC', ip: '172.16.5.90', os.name: 'Windows 8', os.arch: 'amd64', os.version: '6.2', java.version: '1.7.0_79'
Session ID: 65a38c9f4c8d4f4398e3e7a6f844aa24
Driver info: org.openqa.selenium.remote.RemoteWebDriver
Capabilities [{platform=XP, javascriptEnabled=true, cssSelectorsEnabled=true, hasMetadata=true, handlesAlerts=true, browserName=firefox, nativeEvents=false, webdriver.remote.sessionid=65a38c9f4c8d4f4398e3e7a6f844aa24, takesScreenshot=true, version=11.0}]
	at org.openqa.selenium.remote.ErrorHandler.createThrowable(ErrorHandler.java:204)
	at org.openqa.selenium.remote.ErrorHandler.throwIfResponseFailed(ErrorHandler.java:156)
	at org.openqa.selenium.remote.RemoteWebDriver.execute(RemoteWebDriver.java:605)
	at org.openqa.selenium.remote.RemoteWebDriver$RemoteWebDriverOptions$RemoteWindow.maximize(RemoteWebDriver.java:843)
	at WebdriverPro.web.framework.WebdriverTestBase.launchBrowser(WebdriverTestBase.java:32)
... Removed 30 stack frames]]>
    </failure>
  </testcase> <!-- @BeforeMethod launchBrowser -->
  <testcase name="@AfterMethod takeScreenshot" time="0.0" classname="WebdriverPro.web.tests.ParameterTestNG">
    <skipped/>
  </testcase> <!-- @AfterMethod takeScreenshot -->
  <testcase name="verifyTestNGParameters" time="0.0" classname="WebdriverPro.web.tests.ParameterTestNG">
    <skipped/>
  </testcase> <!-- verifyTestNGParameters -->
</testsuite> <!-- Test -->
