<?xml version="1.0" encoding="UTF-8"?>
<testng-results skipped="0" failed="1" ignored="2" total="3" passed="0">
  <reporter-output>
  </reporter-output>
  <suite name="Default suite" duration-ms="10998" started-at="2018-09-02T12:22:42Z" finished-at="2018-09-02T12:22:53Z">
    <groups>
    </groups>
    <test name="Default test" duration-ms="10998" started-at="2018-09-02T12:22:42Z" finished-at="2018-09-02T12:22:53Z">
      <class name="WebdriverPro.web.tests.LoginTest">
        <test-method status="PASS" signature="launchBrowser(java.lang.reflect.Method)[pri:0, instance:WebdriverPro.web.tests.LoginTest@5d11346a]" name="launchBrowser" is-config="true" duration-ms="8520" started-at="2018-09-02T12:22:42Z" finished-at="2018-09-02T12:22:51Z">
          <params>
            <param index="0">
              <value>
                <![CDATA[public void WebdriverPro.web.tests.LoginTest.test3()]]>
              </value>
            </param>
          </params>
          <reporter-output>
          </reporter-output>
        </test-method> <!-- launchBrowser -->
        <test-method status="FAIL" signature="test3()[pri:0, instance:WebdriverPro.web.tests.LoginTest@5d11346a]" name="test3" duration-ms="9" started-at="2018-09-02T12:22:51Z" finished-at="2018-09-02T12:22:51Z">
          <exception class="java.lang.AssertionError">
            <message>
              <![CDATA[Objects not matched expected [1] but found [String]]]>
            </message>
            <full-stacktrace>
              <![CDATA[java.lang.AssertionError: Objects not matched expected [1] but found [String]
at org.testng.Assert.fail(Assert.java:96)
at org.testng.Assert.failNotEquals(Assert.java:776)
at org.testng.Assert.assertEqualsImpl(Assert.java:137)
at org.testng.Assert.assertEquals(Assert.java:118)
at WebdriverPro.web.framework.WebdriverTestBase.verify(WebdriverTestBase.java:68)
at WebdriverPro.web.tests.LoginTest.test3(LoginTest.java:54)
at sun.reflect.NativeMethodAccessorImpl.invoke0(Native Method)
at sun.reflect.NativeMethodAccessorImpl.invoke(NativeMethodAccessorImpl.java:62)
at sun.reflect.DelegatingMethodAccessorImpl.invoke(DelegatingMethodAccessorImpl.java:43)
at java.lang.reflect.Method.invoke(Method.java:498)
at org.testng.internal.MethodInvocationHelper.invokeMethod(MethodInvocationHelper.java:124)
at org.testng.internal.Invoker.invokeMethod(Invoker.java:583)
at org.testng.internal.Invoker.invokeTestMethod(Invoker.java:719)
at org.testng.internal.Invoker.invokeTestMethods(Invoker.java:989)
at org.testng.internal.TestMethodWorker.invokeTestMethods(TestMethodWorker.java:125)
at org.testng.internal.TestMethodWorker.run(TestMethodWorker.java:109)
at org.testng.TestRunner.privateRun(TestRunner.java:648)
at org.testng.TestRunner.run(TestRunner.java:505)
at org.testng.SuiteRunner.runTest(SuiteRunner.java:455)
at org.testng.SuiteRunner.runSequentially(SuiteRunner.java:450)
at org.testng.SuiteRunner.privateRun(SuiteRunner.java:415)
at org.testng.SuiteRunner.run(SuiteRunner.java:364)
at org.testng.SuiteRunnerWorker.runSuite(SuiteRunnerWorker.java:52)
at org.testng.SuiteRunnerWorker.run(SuiteRunnerWorker.java:84)
at org.testng.TestNG.runSuitesSequentially(TestNG.java:1208)
at org.testng.TestNG.runSuitesLocally(TestNG.java:1137)
at org.testng.TestNG.runSuites(TestNG.java:1049)
at org.testng.TestNG.run(TestNG.java:1017)
at org.testng.remote.AbstractRemoteTestNG.run(AbstractRemoteTestNG.java:114)
at org.testng.remote.RemoteTestNG.initAndRun(RemoteTestNG.java:251)
at org.testng.remote.RemoteTestNG.main(RemoteTestNG.java:77)
]]>
            </full-stacktrace>
          </exception> <!-- java.lang.AssertionError -->
          <reporter-output>
          </reporter-output>
        </test-method> <!-- test3 -->
        <test-method status="PASS" signature="takeScreenshot(org.testng.ITestResult)[pri:0, instance:WebdriverPro.web.tests.LoginTest@5d11346a]" name="takeScreenshot" is-config="true" duration-ms="677" started-at="2018-09-02T12:22:51Z" finished-at="2018-09-02T12:22:52Z">
          <params>
            <param index="0">
              <value>
                <![CDATA[[TestResult name=test3 status=FAILURE method=LoginTest.test3()[pri:0, instance:WebdriverPro.web.tests.LoginTest@5d11346a] output={null}]]]>
              </value>
            </param>
          </params>
          <reporter-output>
          </reporter-output>
        </test-method> <!-- takeScreenshot -->
        <test-method status="PASS" signature="quitBrowser()[pri:0, instance:WebdriverPro.web.tests.LoginTest@5d11346a]" name="quitBrowser" is-config="true" duration-ms="1751" started-at="2018-09-02T12:22:52Z" depends-on-methods="WebdriverPro.web.framework.WebdriverTestBase.takeScreenshot" finished-at="2018-09-02T12:22:53Z">
          <reporter-output>
          </reporter-output>
        </test-method> <!-- quitBrowser -->
      </class> <!-- WebdriverPro.web.tests.LoginTest -->
    </test> <!-- Default test -->
  </suite> <!-- Default suite -->
</testng-results>
